F:\C++ FILES\ASSIGNMENT\DEBUG\PROJECT.EXE
F:\C++ FILES\ASSIGNMENT\DEBUG\PROJECT.ILK
F:\C++ FILES\ASSIGNMENT\DEBUG\PROJECT.PDB
F:\C++ Files\Assignment\Project\Debug\cl.command.1.tlog
F:\C++ Files\Assignment\Project\Debug\CL.read.1.tlog
F:\C++ Files\Assignment\Project\Debug\CL.write.1.tlog
F:\C++ FILES\ASSIGNMENT\PROJECT\DEBUG\CLOCK.OBJ
F:\C++ Files\Assignment\Project\Debug\link.command.1.tlog
F:\C++ Files\Assignment\Project\Debug\link.read.1.tlog
F:\C++ Files\Assignment\Project\Debug\link.write.1.tlog
F:\C++ FILES\ASSIGNMENT\PROJECT\DEBUG\LLOYD.OBJ
F:\C++ Files\Assignment\Project\Debug\mt.command.1.tlog
F:\C++ Files\Assignment\Project\Debug\mt.read.1.tlog
F:\C++ Files\Assignment\Project\Debug\mt.write.1.tlog
F:\C++ FILES\ASSIGNMENT\PROJECT\DEBUG\PROJECT.EXE.INTERMEDIATE.MANIFEST
F:\C++ Files\Assignment\Project\Debug\Project.write.1.tlog
F:\C++ Files\Assignment\Project\Debug\vc100.idb
F:\C++ FILES\ASSIGNMENT\PROJECT\DEBUG\VC100.PDB
F:\C++ FILES\ASSIGNMENT\PROJECT\DEBUG\VCLOCK.OBJ
F:\C++ FILES\ASSIGNMENT\PROJECT\DEBUG\WATER.OBJ
F:\C++ FILES\ASSIGNMENT\PROJECT\DEBUG\WATERDEMO.OBJ
